<?xml version="1.0" encoding="UTF-8"?>
<testng-results skipped="0" failed="0" total="1" passed="1">
  <reporter-output>
  </reporter-output>
  <suite name="Default suite" duration-ms="36" started-at="2019-04-17T06:05:33Z" finished-at="2019-04-17T06:05:33Z">
    <groups>
    </groups>
    <test name="Default test" duration-ms="36" started-at="2019-04-17T06:05:33Z" finished-at="2019-04-17T06:05:33Z">
      <class name="com.lh.selenium.test.testsc">
        <test-method status="PASS" signature="test4()[pri:0, instance:com.lh.selenium.test.testsc@6093dd95]" name="test4" duration-ms="22" started-at="2019-04-17T14:05:33Z" finished-at="2019-04-17T14:05:33Z">
          <reporter-output>
          </reporter-output>
        </test-method> <!-- test4 -->
      </class> <!-- com.lh.selenium.test.testsc -->
    </test> <!-- Default test -->
  </suite> <!-- Default suite -->
</testng-results>
