<?xml version="1.0" encoding="UTF-8"?>
<testng-results skipped="0" failed="0" total="1" passed="1">
  <reporter-output>
  </reporter-output>
  <suite name="reportTest" duration-ms="78" started-at="2019-04-12T08:39:21Z" finished-at="2019-04-12T08:39:22Z">
    <groups>
    </groups>
    <test name="Test" duration-ms="78" started-at="2019-04-12T08:39:21Z" finished-at="2019-04-12T08:39:22Z">
      <class name="com.lh.selenium.test.testsc">
        <test-method status="PASS" signature="tt()[pri:0, instance:com.lh.selenium.test.testsc@2b2948e2]" name="tt" duration-ms="40" started-at="2019-04-12T16:39:21Z" finished-at="2019-04-12T16:39:22Z">
          <reporter-output>
          </reporter-output>
        </test-method> <!-- tt -->
      </class> <!-- com.lh.selenium.test.testsc -->
    </test> <!-- Test -->
  </suite> <!-- reportTest -->
</testng-results>
